<?xml version="1.0" encoding="UTF-8"?>
<testsuite name="MaximumNumberTest" tests="1" skipped="0" failures="0" errors="0" timestamp="2020-02-28T11:19:45" hostname="admin1-H110M-H" time="0.001">
  <properties/>
  <testcase name="givenThirdFloatNumber_WhenMaximum_ShouldReturn_ThirdNumber" classname="MaximumNumberTest" time="0.001"/>
  <system-out><![CDATA[]]></system-out>
  <system-err><![CDATA[]]></system-err>
</testsuite>
