<?xml version="1.0" encoding="UTF-8"?>
<testsuite name="MaximumNumberTest" tests="12" skipped="0" failures="0" errors="0" timestamp="2020-02-29T05:36:50" hostname="admin1-H110M-H" time="0.021">
  <properties/>
  <testcase name="givenThirdNumber_WhenMaximum_ShouldReturn_ThirdNumber" classname="MaximumNumberTest" time="0.0"/>
  <testcase name="givenStringArray_HasMaximum_ShouldReturn_Maximum" classname="MaximumNumberTest" time="0.014"/>
  <testcase name="givenNumbers_WhenProper_ShouldReturn_MaxNumber" classname="MaximumNumberTest" time="0.001"/>
  <testcase name="givenSecondString_WhenMaximum_ShouldReturn_SecondString" classname="MaximumNumberTest" time="0.0"/>
  <testcase name="givenIntArray_HasMaximum_ShouldReturn_Maximum" classname="MaximumNumberTest" time="0.001"/>
  <testcase name="givenThirdFloatNumber_WhenMaximum_ShouldReturn_ThirdNumber" classname="MaximumNumberTest" time="0.0"/>
  <testcase name="givenDoubleArray_HasMaximum_ShouldReturn_Maximum" classname="MaximumNumberTest" time="0.001"/>
  <testcase name="givenSecondFloatNumber_WhenMaximum_ShouldReturn_SecondNumber" classname="MaximumNumberTest" time="0.0"/>
  <testcase name="givenThirdString_WhenMaximum_ShouldReturn_ThirdString" classname="MaximumNumberTest" time="0.0"/>
  <testcase name="givenFirstFloatNumber_WhenMaximum_ShouldReturn_FirstNumber" classname="MaximumNumberTest" time="0.001"/>
  <testcase name="givenSecondNumber_WhenMaximum_ShouldReturn_SecondNumber" classname="MaximumNumberTest" time="0.0"/>
  <testcase name="givenFirstString_WhenMaximum_ShouldReturn_FirstString" classname="MaximumNumberTest" time="0.0"/>
  <system-out><![CDATA[xyz
30
30.5
]]></system-out>
  <system-err><![CDATA[]]></system-err>
</testsuite>
